<?xml version="1.0" encoding="UTF-8"?>
<!-- Generated by org.testng.reporters.JUnitReportReporter -->
<testsuite skipped="0" hostname="Lenovo-PC" name="NewTest" tests="2" failures="0" timestamp="17 Mar 2019 14:06:52 GMT" time="0.024" errors="0">
  <testcase name="f3" time="0.000" classname="NewTest"/>
  <testcase name="f2" time="0.024" classname="NewTest"/>
</testsuite> <!-- NewTest -->
