<?xml version="1.0" encoding="UTF-8"?>
<!-- Generated by org.testng.reporters.JUnitReportReporter -->
<testsuite skipped="0" hostname="Lenovo-PC" name="NewTest2" tests="1" failures="0" timestamp="17 Mar 2019 14:06:52 GMT" time="0.000" errors="0">
  <testcase name="f" time="0.000" classname="NewTest2"/>
</testsuite> <!-- NewTest2 -->
